<?xml version="1.0" encoding="UTF-8"?>
<testng-results ignored="0" total="1" passed="1" failed="0" skipped="0">
  <reporter-output>
  </reporter-output>
  <suite started-at="2025-04-09T08:03:30 IST" name="Default suite" finished-at="2025-04-09T08:03:30 IST" duration-ms="355">
    <groups>
    </groups>
    <test started-at="2025-04-09T08:03:30 IST" name="Default test" finished-at="2025-04-09T08:03:30 IST" duration-ms="355">
      <class name="practice.BootstrapDropdown">
        <test-method is-config="true" signature="initializeDriver()[pri:0, instance:practice.BootstrapDropdown@6ca8564a]" started-at="2025-04-09T08:03:26 IST" name="initializeDriver" finished-at="2025-04-09T08:03:30 IST" duration-ms="3827" status="PASS">
          <reporter-output>
          </reporter-output>
        </test-method> <!-- initializeDriver -->
        <test-method signature="bsdropdown()[pri:0, instance:practice.BootstrapDropdown@6ca8564a]" started-at="2025-04-09T08:03:30 IST" name="bsdropdown" finished-at="2025-04-09T08:03:30 IST" duration-ms="296" status="PASS">
          <reporter-output>
          </reporter-output>
        </test-method> <!-- bsdropdown -->
      </class> <!-- practice.BootstrapDropdown -->
    </test> <!-- Default test -->
  </suite> <!-- Default suite -->
</testng-results>
