<?xml version="1.0" encoding="UTF-8"?>
<testng-results ignored="0" total="1" passed="1" failed="0" skipped="0">
  <reporter-output>
  </reporter-output>
  <suite started-at="2025-04-10T08:19:07 IST" name="Default suite" finished-at="2025-04-10T08:19:11 IST" duration-ms="4165">
    <groups>
    </groups>
    <test started-at="2025-04-10T08:19:07 IST" name="Default test" finished-at="2025-04-10T08:19:11 IST" duration-ms="4165">
      <class name="practice.HiddenDropdown">
        <test-method is-config="true" signature="initializeDriver()[pri:0, instance:practice.HiddenDropdown@3c407114]" started-at="2025-04-10T08:19:02 IST" name="initializeDriver" finished-at="2025-04-10T08:19:07 IST" duration-ms="5115" status="PASS">
          <reporter-output>
          </reporter-output>
        </test-method> <!-- initializeDriver -->
        <test-method signature="autosuggestiveDropdown()[pri:1, instance:practice.HiddenDropdown@3c407114]" started-at="2025-04-10T08:19:07 IST" name="autosuggestiveDropdown" finished-at="2025-04-10T08:19:11 IST" duration-ms="4132" status="PASS">
          <reporter-output>
          </reporter-output>
        </test-method> <!-- autosuggestiveDropdown -->
      </class> <!-- practice.HiddenDropdown -->
    </test> <!-- Default test -->
  </suite> <!-- Default suite -->
</testng-results>
