<?xml version="1.0" encoding="UTF-8"?>
<!-- Generated by org.testng.reporters.JUnitXMLReporter -->
<testsuite ignored="0" hostname="cartrabbit" failures="0" tests="4" name="Default test" time="2.002" errors="0" timestamp="2025-04-08T12:25:14 IST">
  <testcase classname="automationTesting.DriverInitialization" name="textboxElements" time="1.105"/>
  <testcase classname="automationTesting.DriverInitialization" name="radioButton" time="0.295"/>
  <testcase classname="automationTesting.DriverInitialization" name="checkboxes" time="0.302"/>
  <testcase classname="automationTesting.DriverInitialization" name="selectDropdown" time="0.236"/>
</testsuite> <!-- Default test -->
